<?xml version="1.0" encoding="UTF-8"?>
<!-- Generated by org.testng.reporters.JUnitXMLReporter -->
<testsuite ignored="0" hostname="DESKTOP-0PSKBV2" failures="0" tests="3" name="Default test" time="61.966" errors="0" timestamp="2023-09-18T13:09:18 IST">
  <testcase classname="Module1_Test.Adactin_Testclass" name="VerifyUN" time="1.094"/>
  <testcase classname="Module1_Test.Adactin_Testclass" name="getTitleOfApp" time="0.131"/>
  <testcase classname="Module1_Test.Adactin_Testclass" name="BookHotel" time="20.126"/>
</testsuite> <!-- Default test -->
